<?xml version="1.0" encoding="utf-8"?><testsuites><testsuite name="pytest" errors="0" failures="0" skipped="0" tests="4" time="38.635" timestamp="2024-06-02T21:08:00.625795" hostname="YDT"><testcase classname="test_dir.test_baidu.TestSearch" name="test_baidu_search_case" time="16.616" /><testcase classname="test_dir.test_baidu.TestSearchSettings" name="test_baidu_search_setting" time="5.727" /><testcase classname="test_dir.test_parametrize" name="test_baidu_search[1-Selenium]" time="4.851" /><testcase classname="test_dir.test_parametrize" name="test_baidu_search[2-poium]" time="11.240" /></testsuite></testsuites>