<?xml version="1.0" encoding="utf-8"?><testsuites><testsuite name="pytest" errors="0" failures="0" skipped="0" tests="4" time="27.518" timestamp="2024-06-02T20:46:15.187314" hostname="YDT"><testcase classname="test_dir.test_baidu.TestSearch" name="test_baidu_search_case" time="6.631" /><testcase classname="test_dir.test_baidu.TestSearchSettings" name="test_baidu_search_setting" time="5.317" /><testcase classname="test_dir.test_parametrize" name="test_baidu_search[1-Selenium]" time="4.829" /><testcase classname="test_dir.test_parametrize" name="test_baidu_search[2-poium]" time="10.530" /></testsuite></testsuites>